SF:lib/features/auth/sign_in/controller/sign_in_page_state_notifier.dart
DA:6,6
DA:7,5
DA:8,6
DA:13,4
DA:15,0
DA:16,0
DA:18,0
DA:19,0
DA:20,0
DA:21,0
LF:10
LH:4
end_of_record
SF:lib/features/auth/sign_in/view/pages/sign_in_page.dart
DA:11,3
DA:15,3
DA:17,6
DA:18,1
DA:19,1
DA:20,1
DA:21,2
DA:23,1
DA:25,3
DA:26,3
DA:27,3
DA:29,3
DA:30,3
DA:31,6
DA:32,3
DA:33,3
DA:34,1
DA:35,1
DA:36,3
LF:19
LH:19
end_of_record
SF:lib/features/auth/sign_in/view/widgets/sign_in_error.dart
DA:10,1
DA:12,1
DA:14,1
DA:15,1
DA:23,2
LF:5
LH:5
end_of_record
SF:lib/features/auth/sign_in/view/widgets/sign_in_error_banner.dart
DA:7,1
DA:9,1
DA:11,1
DA:12,1
DA:13,1
DA:14,1
DA:15,0
DA:16,0
DA:17,0
DA:18,0
DA:19,0
LF:11
LH:6
end_of_record
SF:lib/features/auth/sign_in/view/widgets/sign_in_form.dart
DA:10,6
DA:15,3
DA:16,3
DA:24,1
DA:25,3
DA:28,1
DA:29,1
DA:32,1
DA:33,1
DA:36,1
DA:37,3
DA:41,3
DA:42,4
DA:43,3
DA:46,1
DA:48,1
DA:49,3
DA:54,1
DA:56,1
DA:57,3
DA:62,3
DA:64,3
DA:65,3
DA:66,3
DA:67,3
DA:68,3
DA:70,3
DA:71,6
DA:74,3
DA:75,3
DA:80,3
DA:82,3
DA:83,6
DA:86,3
DA:87,3
DA:92,3
DA:93,3
DA:94,3
DA:97,3
DA:98,6
DA:104,3
DA:106,3
DA:107,3
DA:108,6
DA:112,3
DA:113,3
DA:114,9
LF:47
LH:47
end_of_record
SF:lib/features/auth/sign_in/view/widgets/sign_in_initial.dart
DA:6,3
DA:8,3
DA:10,3
LF:3
LH:3
end_of_record
SF:lib/features/auth/sign_up/view/pages/sign_up_page.dart
DA:10,2
DA:14,2
DA:16,2
DA:17,2
DA:18,2
DA:20,2
DA:21,2
DA:22,4
DA:23,2
DA:24,2
DA:25,1
DA:26,1
DA:27,0
LF:13
LH:12
end_of_record
SF:lib/features/book/book_home/view/pages/book_home_page.dart
DA:9,3
DA:13,1
DA:14,2
DA:17,3
DA:19,3
DA:20,3
DA:22,3
DA:23,6
DA:27,3
DA:28,3
DA:29,3
DA:32,9
DA:33,3
DA:35,3
DA:39,3
DA:40,1
DA:41,1
LF:17
LH:17
end_of_record
SF:lib/shared/widgets/entry_in_progress.dart
DA:5,6
DA:7,2
DA:9,2
LF:3
LH:3
end_of_record
SF:lib/features/auth/model/auth_request_payload.dart
DA:11,0
DA:17,0
LF:2
LH:0
end_of_record
SF:lib/features/auth/model/auth_request_payload.g.dart
DA:9,0
DA:10,0
DA:11,0
DA:12,0
DA:13,0
DA:16,0
DA:17,0
DA:18,0
DA:19,0
DA:20,0
LF:10
LH:0
end_of_record
SF:lib/features/auth/model/auth_response_payload.dart
DA:16,0
DA:17,0
LF:2
LH:0
end_of_record
SF:lib/features/auth/model/auth_response_payload.g.dart
DA:9,0
DA:11,0
DA:12,0
DA:13,0
DA:14,0
DA:15,0
DA:18,0
DA:20,0
DA:21,0
DA:22,0
DA:23,0
DA:24,0
LF:12
LH:0
end_of_record
SF:lib/features/auth/model/refresh_token_request_payload.dart
DA:14,0
LF:1
LH:0
end_of_record
SF:lib/features/auth/model/refresh_token_request_payload.g.dart
DA:9,0
DA:11,0
DA:12,0
DA:13,0
DA:16,0
DA:18,0
DA:19,0
DA:20,0
LF:8
LH:0
end_of_record
SF:lib/features/auth/model/refresh_token_response_payload.dart
DA:19,0
DA:20,0
LF:2
LH:0
end_of_record
SF:lib/features/auth/model/refresh_token_response_payload.g.dart
DA:9,0
DA:11,0
DA:12,0
DA:13,0
DA:14,0
DA:15,0
DA:18,0
DA:20,0
DA:21,0
DA:22,0
DA:23,0
DA:24,0
LF:12
LH:0
end_of_record
SF:lib/features/auth/model/remote_user.dart
DA:19,0
DA:20,0
LF:2
LH:0
end_of_record
SF:lib/features/auth/model/remote_user.g.dart
DA:9,0
DA:10,0
DA:11,0
DA:12,0
DA:13,0
DA:14,0
DA:15,0
DA:16,0
DA:17,0
DA:19,0
DA:22,0
DA:23,0
DA:24,0
DA:25,0
DA:26,0
DA:27,0
DA:28,0
DA:29,0
DA:30,0
LF:19
LH:0
end_of_record
SF:lib/features/auth/model/stored_user.dart
DA:17,0
DA:18,0
LF:2
LH:0
end_of_record
SF:lib/features/auth/model/stored_user.g.dart
DA:9,0
DA:10,0
DA:11,0
DA:12,0
DA:13,0
DA:14,0
DA:17,0
DA:18,0
DA:19,0
DA:20,0
DA:21,0
DA:22,0
LF:12
LH:0
end_of_record
SF:lib/features/auth/model/update_user_request_payload.dart
DA:9,0
DA:11,0
LF:2
LH:0
end_of_record
SF:lib/features/auth/model/update_user_request_payload.g.dart
DA:9,0
DA:11,0
DA:12,0
DA:15,0
DA:17,0
DA:18,0
LF:6
LH:0
end_of_record
SF:lib/features/auth/services/auth_remote.dart
DA:14,15
DA:15,6
DA:16,6
DA:17,6
DA:31,3
DA:32,12
DA:34,0
DA:35,0
DA:36,0
DA:37,0
DA:38,0
DA:40,0
DA:42,0
DA:47,0
DA:48,0
DA:49,0
DA:50,0
DA:51,0
DA:53,0
DA:55,0
DA:58,0
DA:59,0
DA:60,0
DA:61,0
DA:63,0
DA:66,0
DA:68,0
DA:69,0
DA:71,0
DA:75,0
DA:76,0
DA:79,0
DA:80,0
DA:81,0
DA:83,0
DA:85,0
DA:86,0
DA:87,0
LF:38
LH:6
end_of_record
SF:lib/shared/http_client.dart
DA:5,8
DA:6,20
DA:11,4
DA:13,0
DA:14,0
DA:17,0
DA:18,0
DA:21,0
DA:22,0
LF:9
LH:3
end_of_record
SF:lib/shared/services/flavor_service.dart
DA:6,20
DA:9,3
DA:11,3
DA:12,3
DA:13,3
DA:14,0
DA:15,0
DA:16,0
DA:17,0
DA:18,0
DA:19,0
LF:11
LH:5
end_of_record
SF:lib/shared/services/time_service.dart
DA:3,15
DA:6,0
LF:2
LH:1
end_of_record
SF:lib/features/auth/services/auth_service.dart
DA:11,15
DA:12,6
DA:13,6
DA:14,6
DA:24,3
DA:30,0
DA:31,0
DA:32,0
DA:33,0
DA:40,0
DA:42,0
DA:43,0
DA:44,0
DA:45,0
DA:46,0
DA:47,0
DA:48,0
DA:49,0
DA:50,0
DA:51,0
DA:53,0
DA:55,0
DA:59,0
DA:61,0
DA:63,0
DA:65,0
DA:69,0
DA:70,0
DA:71,0
DA:72,0
DA:75,0
DA:76,0
DA:77,0
DA:78,0
DA:79,0
DA:80,0
DA:81,0
DA:82,0
DA:83,0
DA:85,0
DA:87,0
DA:90,0
DA:91,0
DA:94,0
DA:95,0
DA:96,0
LF:46
LH:5
end_of_record
SF:lib/features/auth/services/auth_storage.dart
DA:8,6
DA:9,15
DA:14,3
DA:16,0
DA:17,0
DA:20,0
DA:21,0
DA:24,0
DA:25,0
DA:27,0
LF:10
LH:3
end_of_record
SF:lib/shared/exceptions/network_execption.dart
DA:3,0
DA:5,0
DA:6,0
LF:3
LH:0
end_of_record
SF:lib/shared/secure_storage.dart
DA:5,21
DA:9,3
DA:11,0
DA:12,0
DA:15,0
DA:16,0
DA:19,0
DA:20,0
LF:8
LH:2
end_of_record
SF:lib/features/auth/sign_in/model/sign_in_repository.dart
DA:7,4
DA:8,10
DA:13,2
DA:15,0
DA:17,0
DA:18,0
DA:19,0
DA:20,0
DA:24,0
DA:26,0
DA:28,0
DA:30,0
LF:12
LH:3
end_of_record
SF:lib/features/auth/sign_in/model/sign_up_expection.dart
DA:6,0
LF:1
LH:0
end_of_record
SF:lib/shared/widgets/entry_logo.dart
DA:6,18
DA:10,3
LF:2
LH:2
end_of_record
SF:lib/shared/widgets/error_banner.dart
DA:7,1
DA:11,1
DA:13,1
DA:14,1
LF:4
LH:4
end_of_record
SF:lib/shared/app_validators.dart
DA:2,2
DA:3,2
DA:6,1
DA:7,2
DA:10,1
DA:11,2
DA:14,1
DA:15,1
LF:8
LH:8
end_of_record
SF:lib/features/auth/sign_up/controller/sign_up_page_state_notifier.dart
DA:6,6
DA:7,4
DA:12,2
DA:14,0
DA:15,0
DA:17,0
DA:18,0
DA:19,0
DA:20,0
DA:24,0
DA:25,0
LF:11
LH:3
end_of_record
SF:lib/features/auth/sign_up/model/sign_up_exception.dart
DA:6,0
LF:1
LH:0
end_of_record
SF:lib/features/auth/sign_up/model/sign_up_repository.dart
DA:7,7
DA:13,1
DA:15,0
DA:17,0
DA:18,0
DA:19,0
DA:23,0
DA:25,0
DA:27,0
DA:29,0
LF:10
LH:2
end_of_record
SF:lib/features/auth/sign_up/view/widgets/sign_up_error.dart
DA:10,0
DA:12,0
DA:14,0
DA:15,0
DA:23,0
LF:5
LH:0
end_of_record
SF:lib/features/auth/sign_up/view/widgets/sign_up_initial.dart
DA:6,3
DA:8,2
DA:10,2
LF:3
LH:3
end_of_record
SF:lib/features/auth/sign_up/view/widgets/sign_up_successful.dart
DA:10,3
DA:12,1
DA:14,1
DA:16,1
DA:24,1
DA:25,2
DA:31,1
DA:32,0
DA:33,0
DA:34,0
DA:36,1
DA:37,2
LF:12
LH:9
end_of_record
SF:lib/features/auth/sign_up/view/widgets/sign_up_error_banner.dart
DA:7,0
DA:9,0
DA:11,0
DA:12,0
DA:13,0
DA:14,0
DA:15,0
DA:16,0
DA:17,0
DA:18,0
DA:19,0
DA:20,0
DA:21,0
DA:22,0
LF:14
LH:0
end_of_record
SF:lib/features/auth/sign_up/view/widgets/sign_up_form.dart
DA:10,6
DA:16,2
DA:17,2
DA:27,2
DA:29,4
DA:30,2
DA:33,1
DA:34,3
DA:37,1
DA:38,1
DA:41,1
DA:42,1
DA:45,1
DA:46,3
DA:50,3
DA:51,4
DA:52,3
DA:55,1
DA:57,1
DA:58,3
DA:59,1
DA:60,3
DA:65,1
DA:67,3
DA:69,3
DA:74,1
DA:77,1
DA:78,3
DA:79,1
DA:81,3
DA:86,2
DA:88,2
DA:89,2
DA:90,2
DA:91,2
DA:92,2
DA:94,2
DA:95,4
DA:99,2
DA:100,2
DA:105,2
DA:107,2
DA:108,4
DA:109,2
DA:112,2
DA:113,2
DA:118,2
DA:120,2
DA:121,4
DA:124,2
DA:128,2
DA:129,2
DA:130,2
DA:133,6
DA:138,2
DA:140,2
DA:141,6
DA:144,2
DA:145,2
DA:146,6
LF:60
LH:60
end_of_record
SF:lib/features/book/add_book/controller/add_book_page_state_notifier.dart
DA:6,2
DA:7,1
DA:8,4
DA:11,2
DA:15,0
DA:17,0
DA:20,0
DA:21,0
DA:22,0
DA:23,0
DA:28,0
DA:29,0
LF:12
LH:4
end_of_record
SF:lib/features/book/add_book/model/add_book_resopsitory.dart
DA:8,2
DA:9,5
DA:14,1
DA:16,0
DA:17,0
DA:18,0
DA:23,0
DA:26,0
DA:27,0
DA:28,0
DA:29,0
DA:30,0
DA:31,0
DA:32,0
DA:33,0
LF:15
LH:3
end_of_record
SF:lib/features/book/model/volume.dart
DA:11,0
DA:13,0
DA:24,0
DA:32,0
DA:33,0
DA:41,0
DA:43,0
DA:44,0
DA:52,0
DA:57,0
DA:58,0
LF:11
LH:0
end_of_record
SF:lib/features/book/model/volume.g.dart
DA:9,0
DA:10,0
DA:11,0
DA:14,0
DA:15,0
DA:16,0
DA:19,0
DA:20,0
DA:22,0
DA:23,0
DA:25,0
DA:26,0
DA:27,0
DA:28,0
DA:29,0
DA:32,0
DA:33,0
DA:34,0
DA:35,0
DA:36,0
DA:37,0
DA:38,0
DA:41,0
DA:42,0
DA:43,0
DA:46,0
DA:47,0
DA:48,0
DA:49,0
DA:52,0
DA:53,0
DA:54,0
DA:55,0
DA:58,0
DA:59,0
DA:60,0
DA:61,0
LF:37
LH:0
end_of_record
SF:lib/features/book/services/book_service.dart
DA:8,2
DA:9,5
DA:14,1
DA:16,0
DA:17,0
DA:19,0
DA:20,0
DA:21,0
DA:22,0
DA:25,0
DA:26,0
DA:30,0
DA:31,0
DA:32,0
LF:14
LH:3
end_of_record
SF:lib/features/book/add_book/view/pages/add_book_page.dart
DA:12,1
DA:16,1
DA:17,1
DA:28,1
DA:30,1
DA:31,1
DA:32,1
DA:33,1
DA:34,1
DA:35,2
DA:36,3
DA:39,0
DA:40,0
DA:43,1
DA:44,3
DA:45,2
DA:46,6
DA:51,1
DA:53,1
DA:54,1
DA:55,1
DA:56,0
DA:57,0
DA:59,3
DA:62,1
DA:63,2
DA:64,3
DA:65,1
DA:67,1
DA:68,1
DA:69,1
DA:70,1
DA:71,1
DA:72,3
DA:73,1
DA:74,1
DA:76,1
DA:77,1
DA:79,1
DA:80,1
DA:81,2
DA:82,1
DA:83,0
DA:84,0
DA:85,0
DA:87,0
DA:88,2
LF:47
LH:39
end_of_record
SF:lib/features/book/add_book/view/widgets/add_book_error.dart
DA:6,4
DA:8,0
DA:10,0
DA:11,0
LF:4
LH:1
end_of_record
SF:lib/features/book/add_book/view/widgets/add_book_in_progress.dart
DA:4,4
DA:6,0
LF:2
LH:1
end_of_record
SF:lib/features/book/add_book/view/widgets/add_book_search.dart
DA:8,1
DA:12,1
DA:13,1
DA:20,1
DA:22,1
DA:24,4
DA:25,1
DA:26,1
DA:27,1
DA:28,0
DA:32,0
DA:33,0
DA:34,0
DA:35,0
DA:36,0
DA:40,1
DA:42,1
DA:43,1
DA:44,2
DA:46,1
LF:20
LH:14
end_of_record
SF:lib/features/book/add_book/view/widgets/add_book_success.dart
DA:8,0
DA:12,0
DA:13,0
DA:14,0
DA:15,0
DA:17,0
DA:18,0
DA:19,0
DA:20,0
DA:21,0
DA:22,0
DA:24,0
LF:12
LH:0
end_of_record
SF:lib/shared/widgets/callback.dart
DA:5,1
DA:10,1
DA:11,1
DA:16,1
DA:18,1
DA:19,3
DA:22,1
DA:23,2
LF:8
LH:8
end_of_record
SF:lib/features/book/add_book/view/widgets/book_tile.dart
DA:9,0
DA:12,0
DA:16,0
DA:17,0
DA:18,0
DA:21,0
DA:23,0
DA:24,0
DA:25,0
DA:26,0
DA:27,0
DA:28,0
DA:33,0
DA:34,0
DA:40,0
DA:41,0
DA:47,0
DA:48,0
DA:49,0
DA:50,0
LF:20
LH:0
end_of_record
SF:lib/features/book/book_detail/view/pages/book_detail_page.dart
DA:9,0
DA:13,0
DA:14,0
DA:22,0
DA:24,0
DA:26,0
DA:27,0
DA:28,0
DA:29,0
DA:30,0
DA:32,0
DA:33,0
DA:38,0
DA:40,0
DA:41,0
DA:42,0
DA:43,0
DA:44,0
DA:46,0
DA:47,0
DA:48,0
DA:49,0
DA:50,0
LF:23
LH:0
end_of_record
SF:lib/features/book/model/book_ids.dart
DA:7,0
LF:1
LH:0
end_of_record
SF:lib/features/book/book_category/view/pages/book_category_page.dart
DA:5,1
DA:9,1
DA:10,1
DA:17,1
DA:19,1
DA:21,1
DA:22,1
DA:23,4
DA:24,1
DA:28,1
DA:30,1
DA:31,1
DA:32,3
LF:13
LH:13
end_of_record
SF:lib/features/book/model/book_reading_status.dart
DA:10,3
DA:13,3
DA:14,6
DA:15,3
DA:16,6
DA:17,3
DA:18,6
LF:7
LH:7
end_of_record
SF:lib/features/book/book_detail/controller/book_detail_page_state_notifier.dart
DA:5,0
DA:7,0
DA:8,0
DA:11,0
DA:12,0
DA:16,0
DA:17,0
DA:19,0
DA:20,0
LF:9
LH:0
end_of_record
SF:lib/features/book/book_detail/model/book_detail_repository.dart
DA:6,0
DA:7,0
DA:10,0
DA:14,0
DA:15,0
DA:17,0
DA:19,0
DA:20,0
DA:21,0
DA:22,0
DA:24,0
DA:25,0
DA:26,0
DA:27,0
DA:28,0
LF:15
LH:0
end_of_record
SF:lib/features/book/book_detail/view/widgets/book_detail_in_progress.dart
DA:4,4
DA:6,0
LF:2
LH:1
end_of_record
SF:lib/features/book/book_detail/view/widgets/book_detail_success.dart
DA:8,0
DA:12,0
DA:14,0
DA:15,0
DA:19,0
DA:20,0
DA:21,0
DA:22,0
DA:23,0
DA:26,0
DA:34,0
DA:35,0
DA:45,0
DA:46,0
DA:47,0
DA:48,0
DA:58,0
DA:60,0
DA:61,0
DA:62,0
DA:68,0
DA:74,0
DA:76,0
DA:77,0
DA:78,0
DA:84,0
LF:26
LH:0
end_of_record
SF:lib/features/book/book_detail/view/widgets/book_reading_detail_form.dart
DA:9,4
DA:11,0
DA:13,0
DA:20,0
DA:21,0
DA:22,0
DA:26,0
DA:27,0
DA:28,0
DA:32,0
DA:34,0
DA:35,0
DA:37,0
DA:41,0
DA:42,0
DA:48,0
DA:50,0
DA:52,0
DA:53,0
DA:55,0
DA:56,0
DA:57,0
DA:60,0
DA:61,0
DA:62,0
DA:66,0
DA:67,0
DA:68,0
DA:79,0
DA:80,0
DA:85,0
DA:87,0
DA:92,0
DA:95,0
DA:96,0
DA:101,0
DA:102,0
LF:37
LH:1
end_of_record
SF:lib/features/book/book_home/view/widgets/book_home_menu_item.dart
DA:7,3
DA:11,1
DA:12,1
DA:13,2
DA:16,3
DA:18,3
DA:21,6
DA:22,3
DA:23,1
DA:24,1
DA:26,3
DA:29,3
DA:30,6
LF:13
LH:13
end_of_record
SF:lib/shared/widgets/app_drawer/view/app_drawer.dart
DA:8,4
DA:10,0
DA:12,0
DA:13,0
DA:14,0
DA:15,0
DA:26,0
DA:28,0
DA:29,0
DA:30,0
DA:31,0
DA:32,0
LF:12
LH:1
end_of_record
SF:lib/features/book/model/list_books_response_payload.dart
DA:11,0
DA:13,0
DA:14,0
DA:16,0
LF:4
LH:0
end_of_record
SF:lib/features/book/model/list_books_response_payload.g.dart
DA:9,0
DA:11,0
DA:12,0
DA:13,0
DA:14,0
DA:15,0
DA:18,0
DA:20,0
DA:21,0
DA:22,0
LF:10
LH:0
end_of_record
SF:lib/features/book/services/book_remote.dart
DA:5,2
DA:6,5
DA:13,1
DA:15,0
DA:16,0
DA:17,0
DA:19,0
DA:22,0
DA:23,0
DA:24,0
LF:10
LH:3
end_of_record
SF:lib/shared/flavor_config.dart
DA:7,3
DA:14,3
DA:16,0
DA:18,0
DA:20,0
LF:5
LH:2
end_of_record
SF:lib/shared/providers/dio_provider.dart
DA:5,16
DA:6,8
DA:7,4
DA:8,12
DA:9,0
DA:10,0
DA:11,0
DA:12,0
DA:13,0
DA:14,0
DA:17,0
DA:19,0
LF:12
LH:4
end_of_record
SF:lib/shared/providers/flutter_secure_storage_provider.dart
DA:4,12
LF:1
LH:1
end_of_record
SF:lib/shared/widgets/app_drawer/controller/app_drawer_state_notifier.dart
DA:4,0
DA:5,0
DA:10,0
DA:12,0
DA:13,0
LF:5
LH:0
end_of_record
SF:lib/shared/widgets/app_drawer/model/app_drawer_repository.dart
DA:4,0
DA:9,0
DA:11,0
DA:12,0
LF:4
LH:0
end_of_record
SF:lib/features/loading/controller/loading_page_controller.dart
DA:4,3
DA:5,0
DA:10,0
DA:12,0
DA:13,0
LF:5
LH:1
end_of_record
SF:lib/features/loading/view/pages/loading_page.dart
DA:10,1
DA:14,1
DA:15,1
DA:21,1
DA:23,1
DA:24,1
DA:25,1
DA:26,2
DA:27,1
DA:28,2
DA:29,2
DA:31,1
DA:33,1
DA:35,1
DA:40,1
DA:42,1
DA:43,1
DA:44,1
DA:46,1
DA:51,1
DA:52,2
LF:21
LH:21
end_of_record
SF:lib/features/loading/model/loading_repository.dart
DA:4,0
DA:10,0
DA:12,0
DA:13,0
LF:4
LH:0
end_of_record
