SF:lib/features/auth/services/auth_service.dart
DA:17,0
DA:18,0
DA:27,0
DA:29,0
DA:30,0
DA:31,0
DA:32,0
DA:39,0
DA:41,0
DA:42,0
DA:43,0
DA:44,0
DA:45,0
DA:46,0
DA:47,0
DA:48,0
DA:49,0
DA:50,0
DA:51,0
DA:52,0
DA:53,0
DA:55,0
DA:57,0
DA:61,0
DA:63,0
DA:64,0
DA:65,0
DA:66,0
DA:68,0
DA:70,0
DA:74,0
DA:75,0
DA:76,0
DA:77,0
DA:80,0
DA:81,0
DA:82,0
DA:83,0
DA:84,0
DA:86,0
DA:88,0
DA:89,0
DA:90,0
DA:91,0
DA:92,0
DA:93,0
DA:95,0
DA:97,0
DA:100,0
DA:101,0
DA:103,0
DA:107,0
DA:108,0
DA:111,0
DA:112,0
DA:115,0
DA:116,0
DA:119,0
DA:120,0
DA:121,0
LF:60
LH:0
end_of_record
SF:lib/features/auth/services/refresh_token_request_payload.dart
DA:14,0
LF:1
LH:0
end_of_record
SF:lib/features/auth/services/refresh_token_request_payload.g.dart
DA:9,0
DA:11,0
DA:12,0
DA:13,0
DA:16,0
DA:18,0
DA:19,0
DA:20,0
LF:8
LH:0
end_of_record
SF:lib/features/auth/services/stored_user.dart
DA:17,0
DA:18,0
LF:2
LH:0
end_of_record
SF:lib/features/auth/services/stored_user.g.dart
DA:9,0
DA:10,0
DA:11,0
DA:12,0
DA:13,0
DA:14,0
DA:17,0
DA:18,0
DA:19,0
DA:20,0
DA:21,0
DA:22,0
LF:12
LH:0
end_of_record
SF:lib/shared/http_client.dart
DA:5,0
DA:10,0
DA:12,0
DA:13,0
LF:4
LH:0
end_of_record
SF:lib/shared/secure_storage.dart
DA:5,0
DA:9,0
DA:11,0
DA:12,0
DA:15,0
DA:16,0
DA:19,0
DA:20,0
LF:8
LH:0
end_of_record
SF:lib/features/auth/services/auth_request_payload.dart
DA:11,0
DA:17,0
LF:2
LH:0
end_of_record
SF:lib/features/auth/services/auth_request_payload.g.dart
DA:9,0
DA:10,0
DA:11,0
DA:12,0
DA:13,0
DA:16,0
DA:17,0
DA:18,0
DA:19,0
DA:20,0
LF:10
LH:0
end_of_record
SF:lib/features/auth/services/auth_response_payload.dart
DA:12,0
DA:19,0
DA:20,0
LF:3
LH:0
end_of_record
SF:lib/features/auth/services/auth_response_payload.g.dart
DA:9,0
DA:10,0
DA:11,0
DA:12,0
DA:13,0
DA:14,0
DA:17,0
DA:19,0
DA:20,0
DA:21,0
DA:22,0
DA:23,0
LF:12
LH:0
end_of_record
SF:lib/features/auth/services/refresh_token_response_payload.dart
DA:14,0
DA:21,0
DA:22,0
LF:3
LH:0
end_of_record
SF:lib/features/auth/services/refresh_token_response_payload.g.dart
DA:9,0
DA:11,0
DA:12,0
DA:13,0
DA:14,0
DA:15,0
DA:18,0
DA:20,0
DA:21,0
DA:22,0
DA:23,0
DA:24,0
LF:12
LH:0
end_of_record
SF:lib/shared/expcetions/network_execption.dart
DA:3,2
DA:5,0
DA:6,0
LF:3
LH:1
end_of_record
SF:lib/shared/providers/dio_provider.dart
DA:4,0
LF:1
LH:0
end_of_record
SF:lib/shared/providers/flutter_secure_storage_provider.dart
DA:4,0
LF:1
LH:0
end_of_record
SF:lib/features/auth/sign_in/controller/sign_in_page_state_notifier.dart
DA:6,0
DA:7,0
DA:8,0
DA:13,2
DA:15,1
DA:16,1
DA:18,2
DA:19,1
DA:20,1
DA:21,3
LF:10
LH:7
end_of_record
SF:lib/features/auth/sign_in/model/sign_in_repository.dart
DA:7,0
DA:8,0
DA:13,1
DA:15,1
DA:17,2
DA:18,1
DA:19,3
DA:23,1
DA:25,1
DA:27,1
DA:29,1
LF:11
LH:9
end_of_record
SF:lib/features/auth/sign_in/model/sign_up_expection.dart
DA:6,2
LF:1
LH:1
end_of_record
SF:lib/features/auth/sign_up/controller/sign_up_page_state_notifier.dart
DA:6,0
DA:7,0
DA:12,2
DA:14,1
DA:15,1
DA:17,2
DA:18,1
DA:19,1
DA:20,3
LF:9
LH:7
end_of_record
SF:lib/features/auth/sign_up/model/sign_up_exception.dart
DA:6,2
LF:1
LH:1
end_of_record
SF:lib/features/auth/sign_up/model/sign_up_repository.dart
DA:7,0
DA:13,1
DA:15,1
DA:17,2
DA:18,1
DA:19,3
DA:23,1
DA:25,1
DA:27,1
DA:29,1
LF:10
LH:9
end_of_record
SF:lib/features/loading/controller/loading_page_state_notifier.dart
DA:5,0
DA:6,0
DA:11,2
DA:13,1
DA:14,2
LF:5
LH:3
end_of_record
SF:lib/features/loading/model/loading_repository.dart
DA:4,0
DA:10,1
DA:12,1
DA:13,2
LF:4
LH:3
end_of_record
SF:lib/shared/widgets/app.dart
DA:10,0
DA:12,0
DA:14,0
DA:15,0
DA:17,0
DA:21,0
DA:22,0
DA:24,0
DA:32,0
DA:33,0
DA:34,0
DA:35,0
DA:41,0
DA:42,0
DA:43,0
DA:44,0
DA:45,0
LF:17
LH:0
end_of_record
SF:lib/shared/widgets/app_drawer/model/app_drawer_repository.dart
DA:4,0
DA:9,1
DA:11,1
DA:12,2
LF:4
LH:3
end_of_record
SF:lib/features/auth/sign_in/view/pages/sign_in_page.dart
DA:11,1
DA:15,0
DA:17,0
DA:18,0
DA:19,0
DA:20,0
DA:21,0
DA:23,0
DA:25,0
DA:26,0
DA:27,0
DA:29,0
DA:30,0
DA:31,0
DA:32,0
DA:33,0
DA:34,0
DA:35,0
DA:36,0
LF:19
LH:1
end_of_record
SF:lib/features/book/book_home/view/book_home_page.dart
DA:6,1
DA:10,0
DA:12,0
DA:13,0
DA:15,0
DA:16,0
DA:17,0
LF:7
LH:1
end_of_record
SF:lib/features/auth/sign_in/view/widgets/sign_in_error.dart
DA:10,0
DA:12,0
DA:14,0
DA:15,0
DA:23,0
LF:5
LH:0
end_of_record
SF:lib/features/auth/sign_in/view/widgets/sign_in_initial.dart
DA:6,1
DA:8,0
DA:10,0
LF:3
LH:1
end_of_record
SF:lib/shared/widgets/entry_in_progress.dart
DA:5,2
DA:7,0
DA:9,0
LF:3
LH:1
end_of_record
SF:lib/features/auth/sign_in/view/widgets/error_banner.dart
DA:9,0
DA:11,0
DA:13,0
DA:14,0
DA:15,0
DA:16,0
DA:17,0
DA:19,0
DA:20,0
DA:24,0
DA:26,0
DA:27,0
LF:12
LH:0
end_of_record
SF:lib/features/auth/sign_in/view/widgets/sign_in_form.dart
DA:10,2
DA:12,0
DA:13,0
DA:21,0
DA:22,0
DA:25,0
DA:26,0
DA:29,0
DA:30,0
DA:33,0
DA:34,0
DA:36,0
DA:38,0
DA:39,0
DA:42,0
DA:44,0
DA:45,0
DA:50,0
DA:52,0
DA:53,0
DA:58,0
DA:60,0
DA:61,0
DA:62,0
DA:63,0
DA:64,0
DA:66,0
DA:69,0
DA:70,0
DA:75,0
DA:76,0
DA:79,0
DA:80,0
DA:85,0
DA:86,0
DA:87,0
DA:90,0
DA:91,0
DA:97,0
DA:99,0
DA:100,0
DA:101,0
DA:105,0
DA:106,0
DA:107,0
LF:45
LH:1
end_of_record
SF:lib/shared/widgets/entry_logo.dart
DA:6,6
DA:10,0
LF:2
LH:1
end_of_record
SF:lib/features/auth/sign_up/view/pages/sign_up_page.dart
DA:10,1
DA:14,0
DA:16,0
DA:17,0
DA:18,0
DA:20,0
DA:21,0
DA:22,0
DA:23,0
DA:24,0
DA:25,0
DA:26,0
DA:27,0
LF:13
LH:1
end_of_record
SF:lib/shared/app_validators.dart
DA:2,0
DA:3,0
DA:6,0
DA:7,0
DA:10,0
DA:11,0
DA:14,0
DA:15,0
LF:8
LH:0
end_of_record
SF:lib/features/auth/sign_up/view/widgets/sign_up_error.dart
DA:10,0
DA:12,0
DA:14,0
DA:15,0
DA:23,0
LF:5
LH:0
end_of_record
SF:lib/features/auth/sign_up/view/widgets/sign_up_initial.dart
DA:6,1
DA:8,0
DA:10,0
LF:3
LH:1
end_of_record
SF:lib/features/auth/sign_up/view/widgets/sign_up_successful.dart
DA:8,1
DA:10,0
DA:12,0
DA:14,0
DA:22,0
DA:23,0
DA:29,0
DA:30,0
DA:31,0
DA:33,0
DA:34,0
LF:11
LH:1
end_of_record
SF:lib/features/auth/sign_up/view/widgets/error_banner.dart
DA:9,0
DA:11,0
DA:13,0
DA:14,0
DA:16,0
DA:17,0
DA:18,0
DA:19,0
DA:21,0
DA:22,0
DA:26,0
DA:28,0
DA:29,0
LF:13
LH:0
end_of_record
SF:lib/features/auth/sign_up/view/widgets/sign_up_form.dart
DA:10,2
DA:12,0
DA:13,0
DA:23,0
DA:25,0
DA:26,0
DA:29,0
DA:30,0
DA:33,0
DA:34,0
DA:37,0
DA:38,0
DA:41,0
DA:42,0
DA:44,0
DA:46,0
DA:47,0
DA:50,0
DA:52,0
DA:53,0
DA:54,0
DA:55,0
DA:60,0
DA:62,0
DA:63,0
DA:68,0
DA:71,0
DA:72,0
DA:73,0
DA:75,0
DA:80,0
DA:82,0
DA:83,0
DA:84,0
DA:85,0
DA:86,0
DA:88,0
DA:91,0
DA:92,0
DA:97,0
DA:98,0
DA:99,0
DA:102,0
DA:103,0
DA:108,0
DA:110,0
DA:113,0
DA:117,0
DA:118,0
DA:119,0
DA:122,0
DA:123,0
DA:129,0
DA:131,0
DA:132,0
DA:135,0
DA:136,0
DA:137,0
LF:58
LH:1
end_of_record
SF:lib/shared/widgets/app_drawer/view/app_drawer.dart
DA:8,1
DA:10,0
DA:12,0
DA:13,0
DA:14,0
DA:15,0
DA:26,0
DA:28,0
DA:29,0
DA:30,0
DA:31,0
DA:32,0
LF:12
LH:1
end_of_record
SF:lib/features/loading/view/pages/loading_page.dart
DA:10,1
DA:14,0
DA:15,0
DA:22,0
DA:24,0
DA:25,0
DA:26,0
DA:27,0
DA:29,0
DA:31,0
DA:33,0
DA:38,0
DA:40,0
DA:41,0
DA:42,0
DA:44,0
DA:49,0
DA:50,0
LF:18
LH:1
end_of_record
SF:lib/shared/widgets/app_drawer/controller/app_drawer_state_notifier.dart
DA:5,0
DA:11,0
DA:13,0
DA:14,0
LF:4
LH:0
end_of_record
